Using pre-set license
Built from '2021.3/staging' branch; Version is '2021.3.15f1 (e8e88683f834) revision 15263878'; Using compiler version '192829333'; Build Type 'Release'
OS: 'Windows 11  (10.0.22631) 64bit Professional' Language: 'en' Physical Memory: 32614 MB
BatchMode: 1, IsHumanControllingUs: 0, StartBugReporterOnCrash: 0, Is64bit: 1, IsPro: 1

COMMAND LINE ARGUMENTS:
C:\Program Files\Unity\Hub\Editor\2021.3.15f1\Editor\Unity.exe
-adb2
-batchMode
-noUpm
-name
AssetImportWorker5
-projectPath
C:/Yash/car-gamer-Android/Car-Game-Android
-logFile
Logs/AssetImportWorker5.log
-srvPort
50446
Successfully changed project path to: C:/Yash/car-gamer-Android/Car-Game-Android
C:/Yash/car-gamer-Android/Car-Game-Android
[UnityMemory] Configuration Parameters - Can be set up in boot.config
    "memorysetup-bucket-allocator-granularity=16"
    "memorysetup-bucket-allocator-bucket-count=8"
    "memorysetup-bucket-allocator-block-size=33554432"
    "memorysetup-bucket-allocator-block-count=8"
    "memorysetup-main-allocator-block-size=16777216"
    "memorysetup-thread-allocator-block-size=16777216"
    "memorysetup-gfx-main-allocator-block-size=16777216"
    "memorysetup-gfx-thread-allocator-block-size=16777216"
    "memorysetup-cache-allocator-block-size=4194304"
    "memorysetup-typetree-allocator-block-size=2097152"
    "memorysetup-profiler-bucket-allocator-granularity=16"
    "memorysetup-profiler-bucket-allocator-bucket-count=8"
    "memorysetup-profiler-bucket-allocator-block-size=33554432"
    "memorysetup-profiler-bucket-allocator-block-count=8"
    "memorysetup-profiler-allocator-block-size=16777216"
    "memorysetup-profiler-editor-allocator-block-size=1048576"
    "memorysetup-temp-allocator-size-main=16777216"
    "memorysetup-job-temp-allocator-block-size=2097152"
    "memorysetup-job-temp-allocator-block-size-background=1048576"
    "memorysetup-job-temp-allocator-reduction-small-platforms=262144"
    "memorysetup-temp-allocator-size-background-worker=32768"
    "memorysetup-temp-allocator-size-job-worker=262144"
    "memorysetup-temp-allocator-size-preload-manager=33554432"
    "memorysetup-temp-allocator-size-nav-mesh-worker=65536"
    "memorysetup-temp-allocator-size-audio-worker=65536"
    "memorysetup-temp-allocator-size-cloud-worker=32768"
    "memorysetup-temp-allocator-size-gi-baking-worker=262144"
    "memorysetup-temp-allocator-size-gfx=262144"
Player connection [18140] Host "[IP] 192.168.1.55 [Port] 0 [Flags] 2 [Guid] 1329289142 [EditorId] 1329289142 [Version] 1048832 [Id] WindowsEditor(7,Unity09) [Debug] 1 [PackageName] WindowsEditor [ProjectName] Editor" joined multi-casting on [225.0.0.222:54997]...

Player connection [18140] Host "[IP] 192.168.1.55 [Port] 0 [Flags] 2 [Guid] 1329289142 [EditorId] 1329289142 [Version] 1048832 [Id] WindowsEditor(7,Unity09) [Debug] 1 [PackageName] WindowsEditor [ProjectName] Editor" joined alternative multi-casting on [225.0.0.222:34997]...

Refreshing native plugins compatible for Editor in 199.18 ms, found 12 plugins.
Preloading 1 native plugins for Editor in 0.77 ms.
Initialize engine version: 2021.3.15f1 (e8e88683f834)
[Subsystems] Discovering subsystems at path C:/Program Files/Unity/Hub/Editor/2021.3.15f1/Editor/Data/Resources/UnitySubsystems
[Subsystems] Discovering subsystems at path C:/Yash/car-gamer-Android/Car-Game-Android/Assets
GfxDevice: creating device client; threaded=0; jobified=0
Direct3D:
    Version:  Direct3D 11.0 [level 11.1]
    Renderer: NVIDIA Quadro P1000 (ID=0x1cbb)
    Vendor:   NVIDIA
    VRAM:     4018 MB
    Driver:   31.0.15.3713
Shader 'Custom/EVP Particles Alpha Blended Shadows': fallback shader 'Particles/Alpha Blended' not found
Initialize mono
Mono path[0] = 'C:/Program Files/Unity/Hub/Editor/2021.3.15f1/Editor/Data/Managed'
Mono path[1] = 'C:/Program Files/Unity/Hub/Editor/2021.3.15f1/Editor/Data/MonoBleedingEdge/lib/mono/unityjit-win32'
Mono config path = 'C:/Program Files/Unity/Hub/Editor/2021.3.15f1/Editor/Data/MonoBleedingEdge/etc'
Using monoOptions --debugger-agent=transport=dt_socket,embedding=1,server=y,suspend=n,address=127.0.0.1:56044
Begin MonoManager ReloadAssembly
Registering precompiled unity dll's ...
Register platform support module: C:/Program Files/Unity/Hub/Editor/2021.3.15f1/Editor/Data/PlaybackEngines/AndroidPlayer/UnityEditor.Android.Extensions.dll
Register platform support module: C:/Program Files/Unity/Hub/Editor/2021.3.15f1/Editor/Data/PlaybackEngines/WindowsStandaloneSupport/UnityEditor.WindowsStandalone.Extensions.dll
Registered in 0.005873 seconds.
Native extension for WindowsStandalone target not found
Native extension for Android target not found
Refreshing native plugins compatible for Editor in 171.17 ms, found 12 plugins.
Preloading 1 native plugins for Editor in 0.09 ms.
Mono: successfully reloaded assembly
- Completed reload, in  0.847 seconds
Domain Reload Profiling:
	ReloadAssembly (847ms)
		BeginReloadAssembly (82ms)
			ExecutionOrderSort (0ms)
			DisableScriptedObjects (0ms)
			BackupInstance (0ms)
			ReleaseScriptingObjects (0ms)
			CreateAndSetChildDomain (1ms)
		EndReloadAssembly (634ms)
			LoadAssemblies (79ms)
			RebuildTransferFunctionScriptingTraits (0ms)
			SetupTypeCache (129ms)
			ReleaseScriptCaches (0ms)
			RebuildScriptCaches (34ms)
			SetupLoadedEditorAssemblies (408ms)
				LogAssemblyErrors (0ms)
				InitializePlatformSupportModulesInManaged (64ms)
				SetLoadedEditorAssemblies (0ms)
				RefreshPlugins (171ms)
				BeforeProcessingInitializeOnLoad (1ms)
				ProcessInitializeOnLoadAttributes (119ms)
				ProcessInitializeOnLoadMethodAttributes (51ms)
				AfterProcessingInitializeOnLoad (0ms)
				EditorAssembliesLoaded (0ms)
			ExecutionOrderSort2 (0ms)
			AwakeInstancesAfterBackupRestoration (0ms)
Platform modules already initialized, skipping
Registering precompiled user dll's ...
Registered in 0.013603 seconds.
Begin MonoManager ReloadAssembly
Symbol file LoadedFromMemory doesn't match image C:\Yash\car-gamer-Android\Car-Game-Android\Library\PackageCache\com.unity.visualscripting@1.7.8\Editor\VisualScripting.Core\Dependencies\DotNetZip\Unity.VisualScripting.IonicZip.dll
Symbol file LoadedFromMemory doesn't match image C:\Yash\car-gamer-Android\Car-Game-Android\Library\PackageCache\com.unity.visualscripting@1.7.8\Editor\VisualScripting.Core\Dependencies\YamlDotNet\Unity.VisualScripting.YamlDotNet.dll
Native extension for WindowsStandalone target not found
Native extension for Android target not found
Refreshing native plugins compatible for Editor in 150.93 ms, found 12 plugins.
Preloading 1 native plugins for Editor in 0.10 ms.
Package Manager log level set to [2]
System.Reflection.TargetInvocationException: Exception has been thrown by the target of an invocation. ---> System.NullReferenceException: Object reference not set to an instance of an object
  at Unity.XR.Oculus.OculusLoader.AssetPathToAbsolutePath (System.String assetPath) [0x00040] in C:\Yash\car-gamer-Android\Car-Game-Android\Library\PackageCache\com.unity.xr.oculus@3.2.3\Runtime\OculusLoader.cs:296 
  at Unity.XR.Oculus.OculusLoader.EditorLoadOVRPlugin () [0x0007b] in C:\Yash\car-gamer-Android\Car-Game-Android\Library\PackageCache\com.unity.xr.oculus@3.2.3\Runtime\OculusLoader.cs:281 
  at (wrapper managed-to-native) System.Reflection.RuntimeMethodInfo.InternalInvoke(System.Reflection.RuntimeMethodInfo,object,object[],System.Exception&)
  at System.Reflection.RuntimeMethodInfo.Invoke (System.Object obj, System.Reflection.BindingFlags invokeAttr, System.Reflection.Binder binder, System.Object[] parameters, System.Globalization.CultureInfo culture) [0x0006a] in <d6232873609549b8a045fa15811a5bd3>:0 
   --- End of inner exception stack trace ---
  at System.Reflection.RuntimeMethodInfo.Invoke (System.Object obj, System.Reflection.BindingFlags invokeAttr, System.Reflection.Binder binder, System.Object[] parameters, System.Globalization.CultureInfo culture) [0x00083] in <d6232873609549b8a045fa15811a5bd3>:0 
  at System.Reflection.MethodBase.Invoke (System.Object obj, System.Object[] parameters) [0x00000] in <d6232873609549b8a045fa15811a5bd3>:0 
  at UnityEditor.EditorAssemblies.ProcessInitializeOnLoadMethodAttributes () [0x000a5] in <63965ae56af7489797f355b7c1211ab2>:0 
UnityEngine.StackTraceUtility:ExtractStackTrace ()
UnityEngine.DebugLogHandler:LogFormat (UnityEngine.LogType,UnityEngine.Object,string,object[])
UnityEngine.Logger:Log (UnityEngine.LogType,object)
UnityEngine.Debug:LogError (object)
UnityEditor.EditorAssemblies:ProcessInitializeOnLoadMethodAttributes ()

Mono: successfully reloaded assembly
- Completed reload, in  1.837 seconds
Domain Reload Profiling:
	ReloadAssembly (1837ms)
		BeginReloadAssembly (215ms)
			ExecutionOrderSort (0ms)
			DisableScriptedObjects (6ms)
			BackupInstance (0ms)
			ReleaseScriptingObjects (0ms)
			CreateAndSetChildDomain (127ms)
		EndReloadAssembly (1525ms)
			LoadAssemblies (110ms)
			RebuildTransferFunctionScriptingTraits (0ms)
			SetupTypeCache (455ms)
			ReleaseScriptCaches (1ms)
			RebuildScriptCaches (89ms)
			SetupLoadedEditorAssemblies (815ms)
				LogAssemblyErrors (0ms)
				InitializePlatformSupportModulesInManaged (18ms)
				SetLoadedEditorAssemblies (0ms)
				RefreshPlugins (151ms)
				BeforeProcessingInitializeOnLoad (144ms)
				ProcessInitializeOnLoadAttributes (388ms)
				ProcessInitializeOnLoadMethodAttributes (108ms)
				AfterProcessingInitializeOnLoad (6ms)
				EditorAssembliesLoaded (0ms)
			ExecutionOrderSort2 (0ms)
			AwakeInstancesAfterBackupRestoration (6ms)
Platform modules already initialized, skipping
========================================================================
Worker process is ready to serve import requests
Shader 'Custom/EVP Particles Alpha Blended Shadows': fallback shader 'Particles/Alpha Blended' not found
Launched and connected shader compiler UnityShaderCompiler.exe after 0.04 seconds
Refreshing native plugins compatible for Editor in 2.91 ms, found 12 plugins.
Preloading 1 native plugins for Editor in 0.15 ms.
Unloading 6342 Unused Serialized files (Serialized files now loaded: 0)
Unloading 80 unused Assets / (0.8 MB). Loaded Objects now: 6781.
Memory consumption went from 268.1 MB to 267.3 MB.
Total: 4.749800 ms (FindLiveObjects: 0.508400 ms CreateObjectMapping: 0.457700 ms MarkObjects: 3.307900 ms  DeleteObjects: 0.474800 ms)

AssetImportParameters requested are different than current active one (requested -> active):
  custom:video-decoder-ogg-theora: a1e56fd34408186e4bbccfd4996cb3dc -> 
  custom:container-muxer-webm: aa71ff27fc2769a1b78a27578f13a17b -> 
  custom:container-demuxer-webm: 4f35f7cbe854078d1ac9338744f61a02 -> 
  custom:video-encoder-webm-vp8: eb34c28f22e8b96e1ab97ce403110664 -> 
  custom:audio-encoder-webm-vorbis: bf7c407c2cedff20999df2af8eb42d56 -> 
  custom:framework-win-MediaFoundation: 216162199b28c13a410421893ffa2e32 -> 
  custom:container-demuxer-ogg: 62fdf1f143b41e24485cea50d1cbac27 -> 
  custom:video-decoder-webm-vp8: 9c59270c3fd7afecdb556c50c9e8de78 -> 
  custom:audio-decoder-ogg-vorbis: bf7c407c2cedff20999df2af8eb42d56 -> 
========================================================================
Received Import Request.
  Time since last request: 81838.502329 seconds.
  path: Assets/suntample/Content/Meshes/Main/Materials/HLP_ExposureArea.mat
  artifactKey: Guid(5539bc2d1d79744429d3eeace6f59419) Importer(815301076,1909f56bfc062723c751e8b465ee728b)
Start importing Assets/suntample/Content/Meshes/Main/Materials/HLP_ExposureArea.mat using Guid(5539bc2d1d79744429d3eeace6f59419) Importer(815301076,1909f56bfc062723c751e8b465ee728b)  -> (artifact id: '7f21b53fa7ed858da4b9c476477a1421') in 0.280572 seconds 
========================================================================
Received Import Request.
  Time since last request: 0.000029 seconds.
  path: Assets/suntample/Content/Meshes/Main/Materials/Fol_BushFlowers.mat
  artifactKey: Guid(2271fcb837975bc44bcd583bb460da8f) Importer(815301076,1909f56bfc062723c751e8b465ee728b)
Start importing Assets/suntample/Content/Meshes/Main/Materials/Fol_BushFlowers.mat using Guid(2271fcb837975bc44bcd583bb460da8f) Importer(815301076,1909f56bfc062723c751e8b465ee728b)  -> (artifact id: '28782246ad4217035fd687463c4b109a') in 0.025231 seconds 
========================================================================
Received Import Request.
  Time since last request: 0.000037 seconds.
  path: Assets/suntample/Content/Meshes/Main/Materials/Plaster_Blue_Damaged.mat
  artifactKey: Guid(7a168c33e6a989a46a8ba2298d203353) Importer(815301076,1909f56bfc062723c751e8b465ee728b)
Start importing Assets/suntample/Content/Meshes/Main/Materials/Plaster_Blue_Damaged.mat using Guid(7a168c33e6a989a46a8ba2298d203353) Importer(815301076,1909f56bfc062723c751e8b465ee728b)  -> (artifact id: '546428bf9743e9f9acb65d9417d47d6d') in 0.045575 seconds 
========================================================================
Received Import Request.
  Time since last request: 0.000027 seconds.
  path: Assets/suntample/Content/Meshes/Main/Materials/Porcelain_Tiling.mat
  artifactKey: Guid(278ce7343dfad824fad5cb2ba902d0fa) Importer(815301076,1909f56bfc062723c751e8b465ee728b)
Start importing Assets/suntample/Content/Meshes/Main/Materials/Porcelain_Tiling.mat using Guid(278ce7343dfad824fad5cb2ba902d0fa) Importer(815301076,1909f56bfc062723c751e8b465ee728b)  -> (artifact id: 'c8ccf29220e8ee031234ac1edec1aa4f') in 0.021775 seconds 
========================================================================
Received Import Request.
  Time since last request: 0.000042 seconds.
  path: Assets/suntample/Content/Meshes/Main/Materials/Curbs.mat
  artifactKey: Guid(a9ecc1439c6f35b42b54164ff1c3fd34) Importer(815301076,1909f56bfc062723c751e8b465ee728b)
Start importing Assets/suntample/Content/Meshes/Main/Materials/Curbs.mat using Guid(a9ecc1439c6f35b42b54164ff1c3fd34) Importer(815301076,1909f56bfc062723c751e8b465ee728b)  -> (artifact id: '69934763bb3640c2394bec4d0082cded') in 0.015512 seconds 
========================================================================
Received Import Request.
  Time since last request: 0.000036 seconds.
  path: Assets/suntample/Content/Meshes/Main/Materials/Fol_Bark1.mat
  artifactKey: Guid(0ca0ee8ac2543b945aef927a965417bf) Importer(815301076,1909f56bfc062723c751e8b465ee728b)
Start importing Assets/suntample/Content/Meshes/Main/Materials/Fol_Bark1.mat using Guid(0ca0ee8ac2543b945aef927a965417bf) Importer(815301076,1909f56bfc062723c751e8b465ee728b)  -> (artifact id: 'e7ae710c37b8e5583838db01a21bc1e4') in 0.016529 seconds 
========================================================================
Received Import Request.
  Time since last request: 0.000025 seconds.
  path: Assets/suntample/Content/Meshes/Main/Materials/Metal_Plain_Trim.mat
  artifactKey: Guid(53d5f77ca2a49594db1e5e81dc74ba0e) Importer(815301076,1909f56bfc062723c751e8b465ee728b)
Start importing Assets/suntample/Content/Meshes/Main/Materials/Metal_Plain_Trim.mat using Guid(53d5f77ca2a49594db1e5e81dc74ba0e) Importer(815301076,1909f56bfc062723c751e8b465ee728b)  -> (artifact id: '00000000000000000000000000000000') in 0.475777 seconds  code(4) message(Build asset version error: assets/suntample/content/meshes/main/materials/metal_plain_trim.mat in SourceAssetDB has modification time of '2024-06-27T10:27:57.5590851Z' while content on disk has modification time of '0001-01-01T00:00:00Z' with error code 2
Stacktrace:
0x00007ff7a99dc77d (Unity) StackWalker::GetCurrentCallstack
0x00007ff7a99e3339 (Unity) StackWalker::ShowCallstack
0x00007ff7aa950003 (Unity) GetStacktrace
0x00007ff7aacee234 (Unity) GetAssetHashAndValidate
0x00007ff7aace9798 (Unity) AssetVersionBuilder::BuildHashOfSourceAssetArray
0x00007ff7aace776d (Unity) AssetVersionBuilder::BuildAssetVersion
0x00007ff7aac6ed1a (Unity) CreateAssetVersionBuilder
0x00007ff7aac75813 (Unity) ImportToObjects
0x00007ff7aac74543 (Unity) ImportAsset
0x00007ff7aac96f82 (Unity) AssetImportWorker::Import
0x00007ff7aacfdee4 (Unity) <lambda_61a9544df00a9e76ece93a9d8f6ff838>::operator()
0x00007ff7aad3eaa2 (Unity) asio::detail::completion_handler<core::mutable_function<void __cdecl(void)>,asio::io_context::basic_executor_type<std::allocator<void>,0> >::do_complete
0x00007ff7aad2a98e (Unity) asio::detail::win_iocp_io_context::do_one
0x00007ff7aad2c5f4 (Unity) asio::detail::win_iocp_io_context::run
0x00007ff7aad3ce8e (Unity) IOService::Run
0x00007ff7aad0fa9f (Unity) AssetImportWorkerClient::Run
0x00007ff7aacd9ae3 (Unity) RunAssetImportWorkerClientV2
0x00007ff7aacd9b6b (Unity) RunAssetImporterV2
0x00007ff7aa4f6208 (Unity) Application::InitializeProject
0x00007ff7aa95a758 (Unity) WinMain
0x00007ff7abcfcade (Unity) __scrt_common_main_seh
0x00007ffe1aa8257d (KERNEL32) BaseThreadInitThunk
0x00007ffe1b5eaf28 (ntdll) RtlUserThreadStart
)
  ERROR: Build asset version error: assets/suntample/content/meshes/main/materials/metal_plain_trim.mat in SourceAssetDB has modification time of '2024-06-27T10:27:57.5590851Z' while content on disk has modification time of '0001-01-01T00:00:00Z' with error code 2
Stacktrace:
0x00007ff7a99dc77d (Unity) StackWalker::GetCurrentCallstack
0x00007ff7a99e3339 (Unity) StackWalker::ShowCallstack
0x00007ff7aa950003 (Unity) GetStacktrace
0x00007ff7aacee234 (Unity) GetAssetHashAndValidate
0x00007ff7aace9798 (Unity) AssetVersionBuilder::BuildHashOfSourceAssetArray
0x00007ff7aace776d (Unity) AssetVersionBuilder::BuildAssetVersion
0x00007ff7aac6ed1a (Unity) CreateAssetVersionBuilder
0x00007ff7aac75813 (Unity) ImportToObjects
0x00007ff7aac74543 (Unity) ImportAsset
0x00007ff7aac96f82 (Unity) AssetImportWorker::Import
0x00007ff7aacfdee4 (Unity) <lambda_61a9544df00a9e76ece93a9d8f6ff838>::operator()
0x00007ff7aad3eaa2 (Unity) asio::detail::completion_handler<core::mutable_function<void __cdecl(void)>,asio::io_context::basic_executor_type<std::allocator<void>,0> >::do_complete
0x00007ff7aad2a98e (Unity) asio::detail::win_iocp_io_context::do_one
0x00007ff7aad2c5f4 (Unity) asio::detail::win_iocp_io_context::run
0x00007ff7aad3ce8e (Unity) IOService::Run
0x00007ff7aad0fa9f (Unity) AssetImportWorkerClient::Run
0x00007ff7aacd9ae3 (Unity) RunAssetImportWorkerClientV2
0x00007ff7aacd9b6b (Unity) RunAssetImporterV2
0x00007ff7aa4f6208 (Unity) Application::InitializeProject
0x00007ff7aa95a758 (Unity) WinMain
0x00007ff7abcfcade (Unity) __scrt_common_main_seh
0x00007ffe1aa8257d (KERNEL32) BaseThreadInitThunk
0x00007ffe1b5eaf28 (ntdll) RtlUserThreadStart

Editor requested this worker to shutdown with reason: Scaling down because of idle timeout
AssetImportWorker is now disconnected from the server
Process exiting
Exiting without the bug reporter. Application will terminate with return code 0