Using pre-set license
Built from '2021.3/staging' branch; Version is '2021.3.15f1 (e8e88683f834) revision 15263878'; Using compiler version '192829333'; Build Type 'Release'
OS: 'Windows 11  (10.0.22631) 64bit Professional' Language: 'en' Physical Memory: 32614 MB
BatchMode: 1, IsHumanControllingUs: 0, StartBugReporterOnCrash: 0, Is64bit: 1, IsPro: 1

COMMAND LINE ARGUMENTS:
C:\Program Files\Unity\Hub\Editor\2021.3.15f1\Editor\Unity.exe
-adb2
-batchMode
-noUpm
-name
AssetImportWorker6
-projectPath
C:/Yash/Personal
-logFile
Logs/AssetImportWorker6.log
-srvPort
57312
Successfully changed project path to: C:/Yash/Personal
C:/Yash/Personal
[UnityMemory] Configuration Parameters - Can be set up in boot.config
    "memorysetup-bucket-allocator-granularity=16"
    "memorysetup-bucket-allocator-bucket-count=8"
    "memorysetup-bucket-allocator-block-size=33554432"
    "memorysetup-bucket-allocator-block-count=8"
    "memorysetup-main-allocator-block-size=16777216"
    "memorysetup-thread-allocator-block-size=16777216"
    "memorysetup-gfx-main-allocator-block-size=16777216"
    "memorysetup-gfx-thread-allocator-block-size=16777216"
    "memorysetup-cache-allocator-block-size=4194304"
    "memorysetup-typetree-allocator-block-size=2097152"
    "memorysetup-profiler-bucket-allocator-granularity=16"
    "memorysetup-profiler-bucket-allocator-bucket-count=8"
    "memorysetup-profiler-bucket-allocator-block-size=33554432"
    "memorysetup-profiler-bucket-allocator-block-count=8"
    "memorysetup-profiler-allocator-block-size=16777216"
    "memorysetup-profiler-editor-allocator-block-size=1048576"
    "memorysetup-temp-allocator-size-main=16777216"
    "memorysetup-job-temp-allocator-block-size=2097152"
    "memorysetup-job-temp-allocator-block-size-background=1048576"
    "memorysetup-job-temp-allocator-reduction-small-platforms=262144"
    "memorysetup-temp-allocator-size-background-worker=32768"
    "memorysetup-temp-allocator-size-job-worker=262144"
    "memorysetup-temp-allocator-size-preload-manager=33554432"
    "memorysetup-temp-allocator-size-nav-mesh-worker=65536"
    "memorysetup-temp-allocator-size-audio-worker=65536"
    "memorysetup-temp-allocator-size-cloud-worker=32768"
    "memorysetup-temp-allocator-size-gi-baking-worker=262144"
    "memorysetup-temp-allocator-size-gfx=262144"
Player connection [19204] Host "[IP] 192.168.1.42 [Port] 0 [Flags] 2 [Guid] 4129659026 [EditorId] 4129659026 [Version] 1048832 [Id] WindowsEditor(7,Unity09) [Debug] 1 [PackageName] WindowsEditor [ProjectName] Editor" joined multi-casting on [225.0.0.222:54997]...

Player connection [19204] Host "[IP] 192.168.1.42 [Port] 0 [Flags] 2 [Guid] 4129659026 [EditorId] 4129659026 [Version] 1048832 [Id] WindowsEditor(7,Unity09) [Debug] 1 [PackageName] WindowsEditor [ProjectName] Editor" joined alternative multi-casting on [225.0.0.222:34997]...

Refreshing native plugins compatible for Editor in 207.33 ms, found 12 plugins.
Preloading 1 native plugins for Editor in 0.79 ms.
Initialize engine version: 2021.3.15f1 (e8e88683f834)
[Subsystems] Discovering subsystems at path C:/Program Files/Unity/Hub/Editor/2021.3.15f1/Editor/Data/Resources/UnitySubsystems
[Subsystems] Discovering subsystems at path C:/Yash/Personal/Assets
GfxDevice: creating device client; threaded=0; jobified=0
Direct3D:
    Version:  Direct3D 11.0 [level 11.1]
    Renderer: NVIDIA Quadro P1000 (ID=0x1cbb)
    Vendor:   NVIDIA
    VRAM:     4018 MB
    Driver:   31.0.15.3713
Shader 'Custom/EVP Particles Alpha Blended Shadows': fallback shader 'Particles/Alpha Blended' not found
Initialize mono
Mono path[0] = 'C:/Program Files/Unity/Hub/Editor/2021.3.15f1/Editor/Data/Managed'
Mono path[1] = 'C:/Program Files/Unity/Hub/Editor/2021.3.15f1/Editor/Data/MonoBleedingEdge/lib/mono/unityjit-win32'
Mono config path = 'C:/Program Files/Unity/Hub/Editor/2021.3.15f1/Editor/Data/MonoBleedingEdge/etc'
Using monoOptions --debugger-agent=transport=dt_socket,embedding=1,server=y,suspend=n,address=127.0.0.1:56400
Begin MonoManager ReloadAssembly
Registering precompiled unity dll's ...
Register platform support module: C:/Program Files/Unity/Hub/Editor/2021.3.15f1/Editor/Data/PlaybackEngines/AndroidPlayer/UnityEditor.Android.Extensions.dll
Register platform support module: C:/Program Files/Unity/Hub/Editor/2021.3.15f1/Editor/Data/PlaybackEngines/WindowsStandaloneSupport/UnityEditor.WindowsStandalone.Extensions.dll
Registered in 0.007689 seconds.
Native extension for WindowsStandalone target not found
Native extension for Android target not found
Refreshing native plugins compatible for Editor in 167.15 ms, found 12 plugins.
Preloading 1 native plugins for Editor in 0.11 ms.
Mono: successfully reloaded assembly
- Completed reload, in  0.980 seconds
Domain Reload Profiling:
	ReloadAssembly (981ms)
		BeginReloadAssembly (93ms)
			ExecutionOrderSort (0ms)
			DisableScriptedObjects (0ms)
			BackupInstance (0ms)
			ReleaseScriptingObjects (0ms)
			CreateAndSetChildDomain (1ms)
		EndReloadAssembly (747ms)
			LoadAssemblies (92ms)
			RebuildTransferFunctionScriptingTraits (0ms)
			SetupTypeCache (185ms)
			ReleaseScriptCaches (0ms)
			RebuildScriptCaches (32ms)
			SetupLoadedEditorAssemblies (455ms)
				LogAssemblyErrors (0ms)
				InitializePlatformSupportModulesInManaged (77ms)
				SetLoadedEditorAssemblies (0ms)
				RefreshPlugins (167ms)
				BeforeProcessingInitializeOnLoad (2ms)
				ProcessInitializeOnLoadAttributes (135ms)
				ProcessInitializeOnLoadMethodAttributes (74ms)
				AfterProcessingInitializeOnLoad (0ms)
				EditorAssembliesLoaded (0ms)
			ExecutionOrderSort2 (0ms)
			AwakeInstancesAfterBackupRestoration (0ms)
Platform modules already initialized, skipping
Registering precompiled user dll's ...
Registered in 0.013166 seconds.
Begin MonoManager ReloadAssembly
Symbol file LoadedFromMemory doesn't match image C:\Yash\Personal\Library\PackageCache\com.unity.visualscripting@1.7.8\Editor\VisualScripting.Core\Dependencies\DotNetZip\Unity.VisualScripting.IonicZip.dll
Symbol file LoadedFromMemory doesn't match image C:\Yash\Personal\Library\PackageCache\com.unity.visualscripting@1.7.8\Editor\VisualScripting.Core\Dependencies\YamlDotNet\Unity.VisualScripting.YamlDotNet.dll
Native extension for WindowsStandalone target not found
Native extension for Android target not found
Refreshing native plugins compatible for Editor in 142.30 ms, found 12 plugins.
Preloading 1 native plugins for Editor in 0.07 ms.
Package Manager log level set to [2]
System.Reflection.TargetInvocationException: Exception has been thrown by the target of an invocation. ---> System.NullReferenceException: Object reference not set to an instance of an object
  at Unity.XR.Oculus.OculusLoader.AssetPathToAbsolutePath (System.String assetPath) [0x00040] in C:\Yash\Personal\Library\PackageCache\com.unity.xr.oculus@3.2.3\Runtime\OculusLoader.cs:296 
  at Unity.XR.Oculus.OculusLoader.EditorLoadOVRPlugin () [0x0007b] in C:\Yash\Personal\Library\PackageCache\com.unity.xr.oculus@3.2.3\Runtime\OculusLoader.cs:281 
  at (wrapper managed-to-native) System.Reflection.RuntimeMethodInfo.InternalInvoke(System.Reflection.RuntimeMethodInfo,object,object[],System.Exception&)
  at System.Reflection.RuntimeMethodInfo.Invoke (System.Object obj, System.Reflection.BindingFlags invokeAttr, System.Reflection.Binder binder, System.Object[] parameters, System.Globalization.CultureInfo culture) [0x0006a] in <d6232873609549b8a045fa15811a5bd3>:0 
   --- End of inner exception stack trace ---
  at System.Reflection.RuntimeMethodInfo.Invoke (System.Object obj, System.Reflection.BindingFlags invokeAttr, System.Reflection.Binder binder, System.Object[] parameters, System.Globalization.CultureInfo culture) [0x00083] in <d6232873609549b8a045fa15811a5bd3>:0 
  at System.Reflection.MethodBase.Invoke (System.Object obj, System.Object[] parameters) [0x00000] in <d6232873609549b8a045fa15811a5bd3>:0 
  at UnityEditor.EditorAssemblies.ProcessInitializeOnLoadMethodAttributes () [0x000a5] in <63965ae56af7489797f355b7c1211ab2>:0 
UnityEngine.StackTraceUtility:ExtractStackTrace ()
UnityEngine.DebugLogHandler:LogFormat (UnityEngine.LogType,UnityEngine.Object,string,object[])
UnityEngine.Logger:Log (UnityEngine.LogType,object)
UnityEngine.Debug:LogError (object)
UnityEditor.EditorAssemblies:ProcessInitializeOnLoadMethodAttributes ()

Mono: successfully reloaded assembly
- Completed reload, in  1.930 seconds
Domain Reload Profiling:
	ReloadAssembly (1931ms)
		BeginReloadAssembly (212ms)
			ExecutionOrderSort (0ms)
			DisableScriptedObjects (6ms)
			BackupInstance (0ms)
			ReleaseScriptingObjects (0ms)
			CreateAndSetChildDomain (124ms)
		EndReloadAssembly (1600ms)
			LoadAssemblies (92ms)
			RebuildTransferFunctionScriptingTraits (0ms)
			SetupTypeCache (461ms)
			ReleaseScriptCaches (1ms)
			RebuildScriptCaches (80ms)
			SetupLoadedEditorAssemblies (889ms)
				LogAssemblyErrors (0ms)
				InitializePlatformSupportModulesInManaged (22ms)
				SetLoadedEditorAssemblies (0ms)
				RefreshPlugins (142ms)
				BeforeProcessingInitializeOnLoad (161ms)
				ProcessInitializeOnLoadAttributes (443ms)
				ProcessInitializeOnLoadMethodAttributes (115ms)
				AfterProcessingInitializeOnLoad (6ms)
				EditorAssembliesLoaded (0ms)
			ExecutionOrderSort2 (0ms)
			AwakeInstancesAfterBackupRestoration (11ms)
Platform modules already initialized, skipping
========================================================================
Worker process is ready to serve import requests
Shader 'Custom/EVP Particles Alpha Blended Shadows': fallback shader 'Particles/Alpha Blended' not found
Launched and connected shader compiler UnityShaderCompiler.exe after 0.04 seconds
Refreshing native plugins compatible for Editor in 2.25 ms, found 12 plugins.
Preloading 1 native plugins for Editor in 0.15 ms.
Unloading 6228 Unused Serialized files (Serialized files now loaded: 0)
Unloading 77 unused Assets / (432.2 KB). Loaded Objects now: 6688.
Memory consumption went from 260.0 MB to 259.6 MB.
Total: 4.161700 ms (FindLiveObjects: 0.460500 ms CreateObjectMapping: 0.431900 ms MarkObjects: 3.063500 ms  DeleteObjects: 0.204800 ms)

AssetImportParameters requested are different than current active one (requested -> active):
  custom:video-decoder-ogg-theora: a1e56fd34408186e4bbccfd4996cb3dc -> 
  custom:container-muxer-webm: aa71ff27fc2769a1b78a27578f13a17b -> 
  custom:container-demuxer-webm: 4f35f7cbe854078d1ac9338744f61a02 -> 
  custom:video-encoder-webm-vp8: eb34c28f22e8b96e1ab97ce403110664 -> 
  custom:audio-encoder-webm-vorbis: bf7c407c2cedff20999df2af8eb42d56 -> 
  custom:framework-win-MediaFoundation: 216162199b28c13a410421893ffa2e32 -> 
  custom:container-demuxer-ogg: 62fdf1f143b41e24485cea50d1cbac27 -> 
  custom:video-decoder-webm-vp8: 9c59270c3fd7afecdb556c50c9e8de78 -> 
  custom:audio-decoder-ogg-vorbis: bf7c407c2cedff20999df2af8eb42d56 -> 
========================================================================
Received Import Request.
  Time since last request: 1030969.402679 seconds.
  path: Assets/EVP5/Visual Effects/Tire particles/Dust-Smoke.png
  artifactKey: Guid(6bde1df35233e274cab301c8128b6fc0) Importer(2089858483,c653a7c40615fbf8c82c05b109e42dfe)
Start importing Assets/EVP5/Visual Effects/Tire particles/Dust-Smoke.png using Guid(6bde1df35233e274cab301c8128b6fc0) Importer(2089858483,c653a7c40615fbf8c82c05b109e42dfe) Generated GUIDs only implemented for interfaces!
 -> (artifact id: '73d7d39de8cace5629f09a0f24df0ee2') in 0.237087 seconds 
========================================================================
Received Import Request.
  Time since last request: 0.000020 seconds.
  path: Assets/EVP5/World/Pixelactive City/tex/highway_road_yellow_grease.tif
  artifactKey: Guid(74580903bac114ac5b88861db0c796b2) Importer(2089858483,c653a7c40615fbf8c82c05b109e42dfe)
Start importing Assets/EVP5/World/Pixelactive City/tex/highway_road_yellow_grease.tif using Guid(74580903bac114ac5b88861db0c796b2) Importer(2089858483,c653a7c40615fbf8c82c05b109e42dfe) Generated GUIDs only implemented for interfaces!
 -> (artifact id: '5b8b54d6d63f27b69804201b7fc14457') in 0.024281 seconds 
========================================================================
Received Import Request.
  Time since last request: 0.000027 seconds.
  path: Assets/EVP5/Scripts/Extra/FollowHeading.cs
  artifactKey: Guid(103fe9c0000d8a74795b8b0117f66ba6) Importer(2089858483,c653a7c40615fbf8c82c05b109e42dfe)
Start importing Assets/EVP5/Scripts/Extra/FollowHeading.cs using Guid(103fe9c0000d8a74795b8b0117f66ba6) Importer(2089858483,c653a7c40615fbf8c82c05b109e42dfe) Generated GUIDs only implemented for interfaces!
 -> (artifact id: '5c87fa1f66fb65102bfd152ca25db80b') in 0.027894 seconds 
========================================================================
Received Import Request.
  Time since last request: 0.000017 seconds.
  path: Assets/EVP5/World/Terrain/Terrain Textures/Grass (Hill).psd
  artifactKey: Guid(c6e0767b1f8c34890ac245217f4b9731) Importer(2089858483,c653a7c40615fbf8c82c05b109e42dfe)
Start importing Assets/EVP5/World/Terrain/Terrain Textures/Grass (Hill).psd using Guid(c6e0767b1f8c34890ac245217f4b9731) Importer(2089858483,c653a7c40615fbf8c82c05b109e42dfe) Generated GUIDs only implemented for interfaces!
 -> (artifact id: '477a3831da9d1256591bf119a71a60bd') in 0.031351 seconds 
========================================================================
Received Import Request.
  Time since last request: 0.000018 seconds.
  path: Assets/EVP5/World/Pixelactive City/Materials/pixelactive_city_fbx-lambert1219.mat
  artifactKey: Guid(24a552dab5439400398a7aef092eee4d) Importer(2089858483,c653a7c40615fbf8c82c05b109e42dfe)
Start importing Assets/EVP5/World/Pixelactive City/Materials/pixelactive_city_fbx-lambert1219.mat using Guid(24a552dab5439400398a7aef092eee4d) Importer(2089858483,c653a7c40615fbf8c82c05b109e42dfe) Generated GUIDs only implemented for interfaces!
 -> (artifact id: '3632d246ac91abf5b3e8bbca515b502c') in 0.040343 seconds 
========================================================================
Received Import Request.
  Time since last request: 0.000021 seconds.
  path: Assets/EVP5/Visual Effects/Shaders/EVP Tire Marks Debug.shader
  artifactKey: Guid(852eccf91ccdfc343a2acef4f2f2eea5) Importer(2089858483,c653a7c40615fbf8c82c05b109e42dfe)
Start importing Assets/EVP5/Visual Effects/Shaders/EVP Tire Marks Debug.shader using Guid(852eccf91ccdfc343a2acef4f2f2eea5) Importer(2089858483,c653a7c40615fbf8c82c05b109e42dfe) Generated GUIDs only implemented for interfaces!
 -> (artifact id: 'ebc1c2ae65237cf18562354852fc66a2') in 0.027496 seconds 
========================================================================
Received Import Request.
  Time since last request: 0.000016 seconds.
  path: Assets/EVP5/Visual Effects/Tire marks/Skidmarks.mat
  artifactKey: Guid(6ba50c5d1a2980d48bd1524a13b93827) Importer(2089858483,c653a7c40615fbf8c82c05b109e42dfe)
Start importing Assets/EVP5/Visual Effects/Tire marks/Skidmarks.mat using Guid(6ba50c5d1a2980d48bd1524a13b93827) Importer(2089858483,c653a7c40615fbf8c82c05b109e42dfe) Generated GUIDs only implemented for interfaces!
 -> (artifact id: '39f0c43c3888e4c969401aefda41d8d0') in 0.013442 seconds 
========================================================================
Received Import Request.
  Time since last request: 0.000018 seconds.
  path: Assets/EVP5/Vehicles/L200/Materials/L200-Body Green.mat
  artifactKey: Guid(4539a7af2fce08c4183d911fba4e0be3) Importer(2089858483,c653a7c40615fbf8c82c05b109e42dfe)
Start importing Assets/EVP5/Vehicles/L200/Materials/L200-Body Green.mat using Guid(4539a7af2fce08c4183d911fba4e0be3) Importer(2089858483,c653a7c40615fbf8c82c05b109e42dfe) Generated GUIDs only implemented for interfaces!
 -> (artifact id: 'a90f68e6cb8a1163048cc61769aef277') in 0.050044 seconds 
========================================================================
Received Import Request.
  Time since last request: 0.000018 seconds.
  path: Assets/EVP5/World/Pixelactive City/Materials/pixelactive_city_fbx-lambert82.mat
  artifactKey: Guid(a01391f0746e341d5a4133552b651277) Importer(2089858483,c653a7c40615fbf8c82c05b109e42dfe)
Start importing Assets/EVP5/World/Pixelactive City/Materials/pixelactive_city_fbx-lambert82.mat using Guid(a01391f0746e341d5a4133552b651277) Importer(2089858483,c653a7c40615fbf8c82c05b109e42dfe) Generated GUIDs only implemented for interfaces!
 -> (artifact id: '64d8b99c622a88b7efbdb3f8a6b4b46c') in 0.019185 seconds 
========================================================================
Received Import Request.
  Time since last request: 0.000027 seconds.
  path: Assets/EVP5/World/Pixelactive City/Materials/pixelactive_city_fbx-lambert4.mat
  artifactKey: Guid(670f24f75f39347f6bec36020bb707cd) Importer(2089858483,c653a7c40615fbf8c82c05b109e42dfe)
Start importing Assets/EVP5/World/Pixelactive City/Materials/pixelactive_city_fbx-lambert4.mat using Guid(670f24f75f39347f6bec36020bb707cd) Importer(2089858483,c653a7c40615fbf8c82c05b109e42dfe) Generated GUIDs only implemented for interfaces!
 -> (artifact id: '01aec456fe58f7dbf821cfeb51f0f1cd') in 0.020787 seconds 
========================================================================
Received Import Request.
  Time since last request: 0.000019 seconds.
  path: Assets/EVP5/Visual Effects/Tire marks/Marks - Thin.png
  artifactKey: Guid(84debabd8a3677f48be4f927b60810d6) Importer(2089858483,c653a7c40615fbf8c82c05b109e42dfe)
Start importing Assets/EVP5/Visual Effects/Tire marks/Marks - Thin.png using Guid(84debabd8a3677f48be4f927b60810d6) Importer(2089858483,c653a7c40615fbf8c82c05b109e42dfe) Generated GUIDs only implemented for interfaces!
 -> (artifact id: '11d2cb4572910afd083cae8de0da3e20') in 0.016982 seconds 
========================================================================
Received Import Request.
  Time since last request: 0.000016 seconds.
  path: Assets/EVP5/World/Pixelactive City/tex/downtown001_atlas_4_4.tif
  artifactKey: Guid(f50b5c42b60634c20be73ac44da176c9) Importer(2089858483,c653a7c40615fbf8c82c05b109e42dfe)
Start importing Assets/EVP5/World/Pixelactive City/tex/downtown001_atlas_4_4.tif using Guid(f50b5c42b60634c20be73ac44da176c9) Importer(2089858483,c653a7c40615fbf8c82c05b109e42dfe) Generated GUIDs only implemented for interfaces!
 -> (artifact id: 'aa651ed5dc3fa17486f37debdc233c83') in 0.022321 seconds 
========================================================================
Received Import Request.
  Time since last request: 0.000019 seconds.
  path: Assets/EVP5/Scripts/VehicleRandomInput.cs
  artifactKey: Guid(31750466e2cffc240bc1c1299a5bb0f6) Importer(2089858483,c653a7c40615fbf8c82c05b109e42dfe)
Start importing Assets/EVP5/Scripts/VehicleRandomInput.cs using Guid(31750466e2cffc240bc1c1299a5bb0f6) Importer(2089858483,c653a7c40615fbf8c82c05b109e42dfe) Generated GUIDs only implemented for interfaces!
 -> (artifact id: 'f9cfd757c2a522b198bba5699fe87c10') in 0.009982 seconds 
========================================================================
Received Import Request.
  Time since last request: 0.000020 seconds.
  path: Assets/EVP5/Prefabs/L200-Green-AI.prefab
  artifactKey: Guid(c2934a3062dc97c458125c5fd35dcd79) Importer(2089858483,c653a7c40615fbf8c82c05b109e42dfe)
Start importing Assets/EVP5/Prefabs/L200-Green-AI.prefab using Guid(c2934a3062dc97c458125c5fd35dcd79) Importer(2089858483,c653a7c40615fbf8c82c05b109e42dfe) Generated GUIDs only implemented for interfaces!
 -> (artifact id: '9a6672fa9dd1fd285c7f550bd8e29fa5') in 0.137629 seconds 
========================================================================
Received Import Request.
  Time since last request: 0.000025 seconds.
  path: Assets/EVP5/Audio/hood impact 8a.aiff
  artifactKey: Guid(77cc21ec7d1226f45ab26f781cd8206c) Importer(2089858483,c653a7c40615fbf8c82c05b109e42dfe)
Start importing Assets/EVP5/Audio/hood impact 8a.aiff using Guid(77cc21ec7d1226f45ab26f781cd8206c) Importer(2089858483,c653a7c40615fbf8c82c05b109e42dfe) Generated GUIDs only implemented for interfaces!
 -> (artifact id: '98f792c2115b851ed54e24c919f9f9a0') in 0.064216 seconds 
========================================================================
Received Import Request.
  Time since last request: 0.000030 seconds.
  path: Assets/EVP5/Scripts/Editor/VehicleControllerInspector.cs
  artifactKey: Guid(0b4430a85a349b441b3343ebe64d9536) Importer(2089858483,c653a7c40615fbf8c82c05b109e42dfe)
Start importing Assets/EVP5/Scripts/Editor/VehicleControllerInspector.cs using Guid(0b4430a85a349b441b3343ebe64d9536) Importer(2089858483,c653a7c40615fbf8c82c05b109e42dfe) Generated GUIDs only implemented for interfaces!
 -> (artifact id: '252cf8f8afc21e5f2ed26fcb23b75d24') in 0.012568 seconds 
========================================================================
Received Import Request.
  Time since last request: 0.000020 seconds.
  path: Assets/EVP5/Vehicles/veBus/Materials/vebus_sp-glass.mat
  artifactKey: Guid(56f8212f522899440b63397aec3d8547) Importer(2089858483,c653a7c40615fbf8c82c05b109e42dfe)
Start importing Assets/EVP5/Vehicles/veBus/Materials/vebus_sp-glass.mat using Guid(56f8212f522899440b63397aec3d8547) Importer(2089858483,c653a7c40615fbf8c82c05b109e42dfe) Generated GUIDs only implemented for interfaces!
 -> (artifact id: 'b27bd05734c2a24fc1e8fefa1192af97') in 0.012137 seconds 
========================================================================
Received Import Request.
  Time since last request: 0.000019 seconds.
  path: Assets/EVP5/World/Pixelactive City/Materials/pixelactive_city_fbx-lambert14.mat
  artifactKey: Guid(368c13b307e4c4e28a69832dd5ee2ec2) Importer(2089858483,c653a7c40615fbf8c82c05b109e42dfe)
Start importing Assets/EVP5/World/Pixelactive City/Materials/pixelactive_city_fbx-lambert14.mat using Guid(368c13b307e4c4e28a69832dd5ee2ec2) Importer(2089858483,c653a7c40615fbf8c82c05b109e42dfe) Generated GUIDs only implemented for interfaces!
 -> (artifact id: 'fa876b355cf075293b1ffebe58ee252f') in 0.020247 seconds 
========================================================================
Received Import Request.
  Time since last request: 0.000022 seconds.
  path: Assets/EVP5/World/Pixelactive City/Materials/pixelactive_city_fbx-lambert178.mat
  artifactKey: Guid(f637e4eaa4b4e4aaab9f4ab6f89caffa) Importer(2089858483,c653a7c40615fbf8c82c05b109e42dfe)
Start importing Assets/EVP5/World/Pixelactive City/Materials/pixelactive_city_fbx-lambert178.mat using Guid(f637e4eaa4b4e4aaab9f4ab6f89caffa) Importer(2089858483,c653a7c40615fbf8c82c05b109e42dfe) Generated GUIDs only implemented for interfaces!
 -> (artifact id: 'c482982845c2606624f6451c8747d188') in 0.017291 seconds 
========================================================================
Received Import Request.
  Time since last request: 0.000016 seconds.
  path: Assets/EVP5/World/Pixelactive City/Materials/pixelactive_city_fbx-lambert1064.mat
  artifactKey: Guid(4fe7badccde174ffa90828fadf24ed72) Importer(2089858483,c653a7c40615fbf8c82c05b109e42dfe)
Start importing Assets/EVP5/World/Pixelactive City/Materials/pixelactive_city_fbx-lambert1064.mat using Guid(4fe7badccde174ffa90828fadf24ed72) Importer(2089858483,c653a7c40615fbf8c82c05b109e42dfe) Generated GUIDs only implemented for interfaces!
 -> (artifact id: '6b2b39be9a8db20c7d2c8be262f2c0c8') in 0.020950 seconds 
========================================================================
Received Import Request.
  Time since last request: 0.000018 seconds.
  path: Assets/EVP5/World/Pixelactive City/Materials/pixelactive_city_fbx-lambert40.mat
  artifactKey: Guid(4a412f7cca9e94589bcab0607ae58825) Importer(2089858483,c653a7c40615fbf8c82c05b109e42dfe)
Start importing Assets/EVP5/World/Pixelactive City/Materials/pixelactive_city_fbx-lambert40.mat using Guid(4a412f7cca9e94589bcab0607ae58825) Importer(2089858483,c653a7c40615fbf8c82c05b109e42dfe) Generated GUIDs only implemented for interfaces!
 -> (artifact id: '1b847243d6235a5cedd5b7c696084344') in 0.027863 seconds 
========================================================================
Received Import Request.
  Time since last request: 0.000016 seconds.
  path: Assets/EVP5/Vehicles/L200/Textures/truck_bump.png
  artifactKey: Guid(7f51a9b6f2702df45b8af3a5ffffdc8b) Importer(2089858483,c653a7c40615fbf8c82c05b109e42dfe)
Start importing Assets/EVP5/Vehicles/L200/Textures/truck_bump.png using Guid(7f51a9b6f2702df45b8af3a5ffffdc8b) Importer(2089858483,c653a7c40615fbf8c82c05b109e42dfe) Generated GUIDs only implemented for interfaces!
 -> (artifact id: '430027ecfe7beb3b2fbea6115896d0c0') in 0.054711 seconds 
========================================================================
Received Import Request.
  Time since last request: 0.000022 seconds.
  path: Assets/EVP5/World/Pixelactive City/Materials/pixelactive_city_fbx-lambert1225.mat
  artifactKey: Guid(ee2c46a52c04c4d5bb6754424e0a25d1) Importer(2089858483,c653a7c40615fbf8c82c05b109e42dfe)
Start importing Assets/EVP5/World/Pixelactive City/Materials/pixelactive_city_fbx-lambert1225.mat using Guid(ee2c46a52c04c4d5bb6754424e0a25d1) Importer(2089858483,c653a7c40615fbf8c82c05b109e42dfe) Generated GUIDs only implemented for interfaces!
 -> (artifact id: '824e01cdde2f94df4472e1d22e5eaecd') in 0.014910 seconds 
========================================================================
Received Import Request.
  Time since last request: 0.000033 seconds.
  path: Assets/EVP5/World/Pixelactive City/tex/022caeb7-e1dd-001d-5529-835400000003.tif
  artifactKey: Guid(8fe565612318444738c70d64a7db0c86) Importer(2089858483,c653a7c40615fbf8c82c05b109e42dfe)
Start importing Assets/EVP5/World/Pixelactive City/tex/022caeb7-e1dd-001d-5529-835400000003.tif using Guid(8fe565612318444738c70d64a7db0c86) Importer(2089858483,c653a7c40615fbf8c82c05b109e42dfe) Generated GUIDs only implemented for interfaces!
 -> (artifact id: '893af4e8a6aa4811795316fb8b897dc6') in 0.021396 seconds 
========================================================================
Received Import Request.
  Time since last request: 0.000023 seconds.
  path: Assets/EVP5/Vehicles/SportCoupe/sportCoupe.fbx
  artifactKey: Guid(55fcadb7aec577541a68acb962b05a10) Importer(2089858483,c653a7c40615fbf8c82c05b109e42dfe)
Start importing Assets/EVP5/Vehicles/SportCoupe/sportCoupe.fbx using Guid(55fcadb7aec577541a68acb962b05a10) Importer(2089858483,c653a7c40615fbf8c82c05b109e42dfe) Generated GUIDs only implemented for interfaces!
 -> (artifact id: 'ef18cf9663778efb4142c74ec74ec709') in 0.045919 seconds 
========================================================================
Received Import Request.
  Time since last request: 0.000017 seconds.
  path: Assets/EVP5/Scenes/The City - Multiple vehicles.unity
  artifactKey: Guid(6fa7a544bcf216342aa246f04a30fd88) Importer(2089858483,c653a7c40615fbf8c82c05b109e42dfe)
Start importing Assets/EVP5/Scenes/The City - Multiple vehicles.unity using Guid(6fa7a544bcf216342aa246f04a30fd88) Importer(2089858483,c653a7c40615fbf8c82c05b109e42dfe) Opening scene 'Assets/EVP5/Scenes/The City - Multiple vehicles.unity additively'
LightingSettings: switching bake backend from 1 to 0.
Loaded scene 'Assets/EVP5/Scenes/The City - Multiple vehicles.unity'
	Deserialize:            3.198 ms
	Integration:            168.614 ms
	Integration of assets:  0.918 ms
	Thread Wait Time:       0.017 ms
	Total Operation Time:   172.747 ms
Generated GUIDs only implemented for interfaces!
 -> (artifact id: 'd09d5411c8230ad184f9ddcecb36bef4') in 1.487171 seconds 
========================================================================
Received Import Request.
  Time since last request: 0.000024 seconds.
  path: Assets/Samples/Cinemachine/2.8.9/Cinemachine Example Scenes/Scenes/3rdPersonWithAimMode/3rdPersonWithAimMode.unity
  artifactKey: Guid(a04cf6ca22a95684e9283ab039f68c66) Importer(2089858483,c653a7c40615fbf8c82c05b109e42dfe)
Start importing Assets/Samples/Cinemachine/2.8.9/Cinemachine Example Scenes/Scenes/3rdPersonWithAimMode/3rdPersonWithAimMode.unity using Guid(a04cf6ca22a95684e9283ab039f68c66) Importer(2089858483,c653a7c40615fbf8c82c05b109e42dfe) Opening scene 'Assets/Samples/Cinemachine/2.8.9/Cinemachine Example Scenes/Scenes/3rdPersonWithAimMode/3rdPersonWithAimMode.unity additively'
LightingSettings: switching bake backend from 1 to 0.
Loaded scene 'Assets/Samples/Cinemachine/2.8.9/Cinemachine Example Scenes/Scenes/3rdPersonWithAimMode/3rdPersonWithAimMode.unity'
	Deserialize:            10.021 ms
	Integration:            66.356 ms
	Integration of assets:  0.032 ms
	Thread Wait Time:       0.016 ms
	Total Operation Time:   76.425 ms
Generated GUIDs only implemented for interfaces!
 -> (artifact id: '6ab890bf5fa46cc689ef466d1af528b7') in 0.203304 seconds 
========================================================================
Received Import Request.
  Time since last request: 0.000035 seconds.
  path: Assets/EVP5/Scripts/VehicleDamage.cs
  artifactKey: Guid(07053ca8c2415de47bd6817d9b10569c) Importer(2089858483,c653a7c40615fbf8c82c05b109e42dfe)
Start importing Assets/EVP5/Scripts/VehicleDamage.cs using Guid(07053ca8c2415de47bd6817d9b10569c) Importer(2089858483,c653a7c40615fbf8c82c05b109e42dfe) Generated GUIDs only implemented for interfaces!
 -> (artifact id: '4651ef8dcb66e4c1528fc59293ad04fd') in 0.011321 seconds 
========================================================================
Received Import Request.
  Time since last request: 0.000023 seconds.
  path: Assets/EVP5/World/Pixelactive City/Materials/pixelactive_city_fbx-lambert267.mat
  artifactKey: Guid(d594d3cfa7de74d51917d0e743605677) Importer(2089858483,c653a7c40615fbf8c82c05b109e42dfe)
Start importing Assets/EVP5/World/Pixelactive City/Materials/pixelactive_city_fbx-lambert267.mat using Guid(d594d3cfa7de74d51917d0e743605677) Importer(2089858483,c653a7c40615fbf8c82c05b109e42dfe) Generated GUIDs only implemented for interfaces!
 -> (artifact id: '2bada25e527a33f303f38171999a9535') in 0.034387 seconds 
========================================================================
Received Import Request.
  Time since last request: 0.000031 seconds.
  path: Assets/EVP5/Prefabs/Camera Controller.prefab
  artifactKey: Guid(4fd8c3dffdf3994438b4458645330a0b) Importer(2089858483,c653a7c40615fbf8c82c05b109e42dfe)
Start importing Assets/EVP5/Prefabs/Camera Controller.prefab using Guid(4fd8c3dffdf3994438b4458645330a0b) Importer(2089858483,c653a7c40615fbf8c82c05b109e42dfe) Generated GUIDs only implemented for interfaces!
 -> (artifact id: '05b04b80c3ca04a0bb28d36567d4171e') in 0.023130 seconds 
========================================================================
Received Import Request.
  Time since last request: 0.000016 seconds.
  path: Assets/EVP5/World/Terrain/Terrain Textures/Cliff (Layered Rock).psd
  artifactKey: Guid(18214e9d6af6248559d501391856f1c7) Importer(2089858483,c653a7c40615fbf8c82c05b109e42dfe)
Start importing Assets/EVP5/World/Terrain/Terrain Textures/Cliff (Layered Rock).psd using Guid(18214e9d6af6248559d501391856f1c7) Importer(2089858483,c653a7c40615fbf8c82c05b109e42dfe) Generated GUIDs only implemented for interfaces!
 -> (artifact id: 'e1af872900391b8f7012dda45e078b1e') in 0.025314 seconds 
========================================================================
Received Import Request.
  Time since last request: 0.000017 seconds.
  path: Assets/EVP5/World/Ramp/Materials/rampa-rampa_asfalto.mat
  artifactKey: Guid(65512ee36dbf6a94a98e3967b50297ff) Importer(2089858483,c653a7c40615fbf8c82c05b109e42dfe)
Start importing Assets/EVP5/World/Ramp/Materials/rampa-rampa_asfalto.mat using Guid(65512ee36dbf6a94a98e3967b50297ff) Importer(2089858483,c653a7c40615fbf8c82c05b109e42dfe) Generated GUIDs only implemented for interfaces!
 -> (artifact id: 'c48ec253b7fb9ee0f6cfa66a1dc491f6') in 0.012413 seconds 
========================================================================
Received Import Request.
  Time since last request: 0.000025 seconds.
  path: Assets/EVP5/World/Pixelactive City/tex/downtown001_atlas_2_0.tif
  artifactKey: Guid(9f5eb9ff6bda04facb232fb301b42e2f) Importer(2089858483,c653a7c40615fbf8c82c05b109e42dfe)
Start importing Assets/EVP5/World/Pixelactive City/tex/downtown001_atlas_2_0.tif using Guid(9f5eb9ff6bda04facb232fb301b42e2f) Importer(2089858483,c653a7c40615fbf8c82c05b109e42dfe) Generated GUIDs only implemented for interfaces!
 -> (artifact id: '5440c568d69429696e807f9b9e6de470') in 0.032087 seconds 
========================================================================
Received Import Request.
  Time since last request: 0.000015 seconds.
  path: Assets/EVP5/Misc/VeraMono.ttf
  artifactKey: Guid(68e91a955efe04085922337eb01d7626) Importer(2089858483,c653a7c40615fbf8c82c05b109e42dfe)
Start importing Assets/EVP5/Misc/VeraMono.ttf using Guid(68e91a955efe04085922337eb01d7626) Importer(2089858483,c653a7c40615fbf8c82c05b109e42dfe) Generated GUIDs only implemented for interfaces!
 -> (artifact id: 'd82e68c4e778fe5f5ba24a7b97f29590') in 0.043813 seconds 
========================================================================
Received Import Request.
  Time since last request: 0.000023 seconds.
  path: Assets/EVP5/Visual Effects/Shaders/EVP Tire Marks.shader
  artifactKey: Guid(a0ca43baa25f1d347b5e69f36d50ccb0) Importer(2089858483,c653a7c40615fbf8c82c05b109e42dfe)
Start importing Assets/EVP5/Visual Effects/Shaders/EVP Tire Marks.shader using Guid(a0ca43baa25f1d347b5e69f36d50ccb0) Importer(2089858483,c653a7c40615fbf8c82c05b109e42dfe) Generated GUIDs only implemented for interfaces!
 -> (artifact id: '892900adde3895a928f138919a81b859') in 0.015086 seconds 
========================================================================
Received Import Request.
  Time since last request: 0.000029 seconds.
  path: Assets/EVP5/Vehicles/Generic/Generic Vehicle Texure - brakes only.png
  artifactKey: Guid(fc0db10af8cc63a42a0d6d3e6af1b54e) Importer(2089858483,c653a7c40615fbf8c82c05b109e42dfe)
Start importing Assets/EVP5/Vehicles/Generic/Generic Vehicle Texure - brakes only.png using Guid(fc0db10af8cc63a42a0d6d3e6af1b54e) Importer(2089858483,c653a7c40615fbf8c82c05b109e42dfe) Generated GUIDs only implemented for interfaces!
 -> (artifact id: '1d2df15bf8f82aaee81fae8fbc3f2d5d') in 0.022054 seconds 
========================================================================
Received Import Request.
  Time since last request: 0.000018 seconds.
  path: Assets/EVP5/World/Pixelactive City/tex/PalmBranch.psd
  artifactKey: Guid(97ef94bafde1b424fb25a8bdec5ed9e9) Importer(2089858483,c653a7c40615fbf8c82c05b109e42dfe)
Start importing Assets/EVP5/World/Pixelactive City/tex/PalmBranch.psd using Guid(97ef94bafde1b424fb25a8bdec5ed9e9) Importer(2089858483,c653a7c40615fbf8c82c05b109e42dfe) Generated GUIDs only implemented for interfaces!
 -> (artifact id: '95cdd09b9453b502dd5e4d4cc6ce6ba5') in 0.025969 seconds 
========================================================================
Received Import Request.
  Time since last request: 0.000016 seconds.
  path: Assets/EVP5/World/Pixelactive City/tex/CARTEL.psd
  artifactKey: Guid(b39ec07ce023f481fbe7874f22b4161a) Importer(2089858483,c653a7c40615fbf8c82c05b109e42dfe)
Start importing Assets/EVP5/World/Pixelactive City/tex/CARTEL.psd using Guid(b39ec07ce023f481fbe7874f22b4161a) Importer(2089858483,c653a7c40615fbf8c82c05b109e42dfe) Generated GUIDs only implemented for interfaces!
 -> (artifact id: '5bd055a9e762c0a2aa638abaf4378e55') in 0.022700 seconds 
========================================================================
Received Import Request.
  Time since last request: 0.000036 seconds.
  path: Assets/EVP5/World/Pixelactive City/tex/highway_road_dotted.tif
  artifactKey: Guid(6569f1d367a8a4d87b3cec8964945eb0) Importer(2089858483,c653a7c40615fbf8c82c05b109e42dfe)
Start importing Assets/EVP5/World/Pixelactive City/tex/highway_road_dotted.tif using Guid(6569f1d367a8a4d87b3cec8964945eb0) Importer(2089858483,c653a7c40615fbf8c82c05b109e42dfe) Generated GUIDs only implemented for interfaces!
 -> (artifact id: 'e130d9ad98210e2a949553c81fc8edea') in 0.022249 seconds 
========================================================================
Received Import Request.
  Time since last request: 0.000036 seconds.
  path: Assets/EVP5/World/Pixelactive City/Materials/pixelactive_city_fbx-palmbarkfile1.mat
  artifactKey: Guid(bfa91126c33e9458e9e3536de18fdc66) Importer(2089858483,c653a7c40615fbf8c82c05b109e42dfe)
Start importing Assets/EVP5/World/Pixelactive City/Materials/pixelactive_city_fbx-palmbarkfile1.mat using Guid(bfa91126c33e9458e9e3536de18fdc66) Importer(2089858483,c653a7c40615fbf8c82c05b109e42dfe) Generated GUIDs only implemented for interfaces!
 -> (artifact id: 'fbe065b7e96884043ed43f6bb045f3e1') in 0.016393 seconds 
========================================================================
Received Import Request.
  Time since last request: 0.000019 seconds.
  path: Assets/EVP5/Vehicles/Generic/Generic Vehicle Texure - brakes ON.png
  artifactKey: Guid(36dad9228fb170a4abb29e2ac0c27484) Importer(2089858483,c653a7c40615fbf8c82c05b109e42dfe)
Start importing Assets/EVP5/Vehicles/Generic/Generic Vehicle Texure - brakes ON.png using Guid(36dad9228fb170a4abb29e2ac0c27484) Importer(2089858483,c653a7c40615fbf8c82c05b109e42dfe) Generated GUIDs only implemented for interfaces!
 -> (artifact id: '9dd8f7d11401dcc8700ffb5fd44bff80') in 0.032466 seconds 
========================================================================
Received Import Request.
  Time since last request: 0.000018 seconds.
  path: Assets/EVP5/Visual Effects/Tire marks/SandMarks.mat
  artifactKey: Guid(bbce6cd4aa7e4434a919568c41eebe46) Importer(2089858483,c653a7c40615fbf8c82c05b109e42dfe)
Start importing Assets/EVP5/Visual Effects/Tire marks/SandMarks.mat using Guid(bbce6cd4aa7e4434a919568c41eebe46) Importer(2089858483,c653a7c40615fbf8c82c05b109e42dfe) Generated GUIDs only implemented for interfaces!
 -> (artifact id: '905a9322d774af542742134dd3dad3f4') in 0.014493 seconds 
========================================================================
Received Import Request.
  Time since last request: 0.000027 seconds.
  path: Assets/EVP5/Audio/car rumble.wav
  artifactKey: Guid(cc81f5c6ca61b4f4d91c74fb995124fe) Importer(2089858483,c653a7c40615fbf8c82c05b109e42dfe)
Start importing Assets/EVP5/Audio/car rumble.wav using Guid(cc81f5c6ca61b4f4d91c74fb995124fe) Importer(2089858483,c653a7c40615fbf8c82c05b109e42dfe) Generated GUIDs only implemented for interfaces!
 -> (artifact id: '24aa97f09ee27644e6aef2fb388415c8') in 0.046150 seconds 
========================================================================
Received Import Request.
  Time since last request: 0.000019 seconds.
  path: Assets/EVP5/Scripts/Ground Materials/TireParticleEmitter.cs
  artifactKey: Guid(89572a457ddfef04e9498b1e818cada8) Importer(2089858483,c653a7c40615fbf8c82c05b109e42dfe)
Start importing Assets/EVP5/Scripts/Ground Materials/TireParticleEmitter.cs using Guid(89572a457ddfef04e9498b1e818cada8) Importer(2089858483,c653a7c40615fbf8c82c05b109e42dfe) Generated GUIDs only implemented for interfaces!
 -> (artifact id: '916e7b302ee02565caf7a72395ad24b7') in 0.009855 seconds 
========================================================================
Received Import Request.
  Time since last request: 0.000016 seconds.
  path: Assets/EVP5/World/Pixelactive City/tex/ter_grass002.tif
  artifactKey: Guid(1063153784ec0431b9dedbdc4a307ebe) Importer(2089858483,c653a7c40615fbf8c82c05b109e42dfe)
Start importing Assets/EVP5/World/Pixelactive City/tex/ter_grass002.tif using Guid(1063153784ec0431b9dedbdc4a307ebe) Importer(2089858483,c653a7c40615fbf8c82c05b109e42dfe) Generated GUIDs only implemented for interfaces!
 -> (artifact id: '9af29959a4deb3166e3cb03937a23ea8') in 0.021671 seconds 
========================================================================
Received Import Request.
  Time since last request: 0.000019 seconds.
  path: Assets/EVP5/World/Pixelactive City/Materials/pixelactive_city_fbx-lambert119.mat
  artifactKey: Guid(b057229f770b7444ea22275c3eec4cc8) Importer(2089858483,c653a7c40615fbf8c82c05b109e42dfe)
Start importing Assets/EVP5/World/Pixelactive City/Materials/pixelactive_city_fbx-lambert119.mat using Guid(b057229f770b7444ea22275c3eec4cc8) Importer(2089858483,c653a7c40615fbf8c82c05b109e42dfe) Generated GUIDs only implemented for interfaces!
 -> (artifact id: '4fd5ba5d91f705fd2e9d8f33b3b29546') in 0.018920 seconds 
========================================================================
Received Import Request.
  Time since last request: 0.000022 seconds.
  path: Assets/EVP5/Vehicles/L200/Textures/truck_color-blue-testwheels.png
  artifactKey: Guid(72962df621ee822488eaa860ef910fa4) Importer(2089858483,c653a7c40615fbf8c82c05b109e42dfe)
Start importing Assets/EVP5/Vehicles/L200/Textures/truck_color-blue-testwheels.png using Guid(72962df621ee822488eaa860ef910fa4) Importer(2089858483,c653a7c40615fbf8c82c05b109e42dfe) Generated GUIDs only implemented for interfaces!
 -> (artifact id: '6b251e77875e417570b49f62d436dc73') in 0.046741 seconds 
========================================================================
Received Import Request.
  Time since last request: 0.000023 seconds.
  path: Assets/EVP5/Audio/wind_ext.wav
  artifactKey: Guid(b31e05ff83e957045bb008843abdf13d) Importer(2089858483,c653a7c40615fbf8c82c05b109e42dfe)
Start importing Assets/EVP5/Audio/wind_ext.wav using Guid(b31e05ff83e957045bb008843abdf13d) Importer(2089858483,c653a7c40615fbf8c82c05b109e42dfe) Generated GUIDs only implemented for interfaces!
 -> (artifact id: '68ec97b0c03ba18d4cab4a2303ff73a8') in 0.034401 seconds 
========================================================================
Received Import Request.
  Time since last request: 0.000023 seconds.
  path: Assets/EVP5/Prefabs/Sport Coupe.prefab
  artifactKey: Guid(736e74a94e7790d41945253a162eeede) Importer(2089858483,c653a7c40615fbf8c82c05b109e42dfe)
Start importing Assets/EVP5/Prefabs/Sport Coupe.prefab using Guid(736e74a94e7790d41945253a162eeede) Importer(2089858483,c653a7c40615fbf8c82c05b109e42dfe) Generated GUIDs only implemented for interfaces!
 -> (artifact id: 'a1a1c40a0ea09455e611f70c1f20f87c') in 0.094703 seconds 
========================================================================
Received Import Request.
  Time since last request: 0.000026 seconds.
  path: Assets/EVP5/World/Textures/asphalt.png
  artifactKey: Guid(d39bf6bf70a79c04da2e294350f70ea1) Importer(2089858483,c653a7c40615fbf8c82c05b109e42dfe)
Start importing Assets/EVP5/World/Textures/asphalt.png using Guid(d39bf6bf70a79c04da2e294350f70ea1) Importer(2089858483,c653a7c40615fbf8c82c05b109e42dfe) Generated GUIDs only implemented for interfaces!
 -> (artifact id: '71bea101273e59bf3543a91e44dacd12') in 0.021051 seconds 
========================================================================
Received Import Request.
  Time since last request: 0.000015 seconds.
  path: Assets/EVP5/Audio/scrape loop 8.aiff
  artifactKey: Guid(4aeace27a5fb4104eba6b3971db9a68c) Importer(2089858483,c653a7c40615fbf8c82c05b109e42dfe)
Start importing Assets/EVP5/Audio/scrape loop 8.aiff using Guid(4aeace27a5fb4104eba6b3971db9a68c) Importer(2089858483,c653a7c40615fbf8c82c05b109e42dfe) Generated GUIDs only implemented for interfaces!
 -> (artifact id: '2eb91d642b1090825acaf74f84a967d7') in 0.041108 seconds 
========================================================================
Received Import Request.
  Time since last request: 0.000017 seconds.
  path: Assets/EVP5/Scripts/VehicleVisualEffects.cs
  artifactKey: Guid(e716af2fc4e2ff443b55f2492761cd23) Importer(2089858483,c653a7c40615fbf8c82c05b109e42dfe)
Start importing Assets/EVP5/Scripts/VehicleVisualEffects.cs using Guid(e716af2fc4e2ff443b55f2492761cd23) Importer(2089858483,c653a7c40615fbf8c82c05b109e42dfe) Generated GUIDs only implemented for interfaces!
 -> (artifact id: '9d2ea7cf383d514d160792b815f06b52') in 0.009321 seconds 
========================================================================
Received Import Request.
  Time since last request: 0.000016 seconds.
  path: Assets/EVP5/World/Pixelactive City/tex/f80e04b8-e1dd-001d-5549-c36400000003.tif
  artifactKey: Guid(ce7df78c5584e434b9bc2ded0eb3db7f) Importer(2089858483,c653a7c40615fbf8c82c05b109e42dfe)
Start importing Assets/EVP5/World/Pixelactive City/tex/f80e04b8-e1dd-001d-5549-c36400000003.tif using Guid(ce7df78c5584e434b9bc2ded0eb3db7f) Importer(2089858483,c653a7c40615fbf8c82c05b109e42dfe) Generated GUIDs only implemented for interfaces!
 -> (artifact id: '43539c339967385e45070854dc9742b5') in 0.028432 seconds 
========================================================================
Received Import Request.
  Time since last request: 0.000018 seconds.
  path: Assets/EVP5/World/Pixelactive City/Materials/pixelactive_city_fbx-phong564.mat
  artifactKey: Guid(72ec51f034d3040e58ebf8cc54c5a44b) Importer(2089858483,c653a7c40615fbf8c82c05b109e42dfe)
Start importing Assets/EVP5/World/Pixelactive City/Materials/pixelactive_city_fbx-phong564.mat using Guid(72ec51f034d3040e58ebf8cc54c5a44b) Importer(2089858483,c653a7c40615fbf8c82c05b109e42dfe) Generated GUIDs only implemented for interfaces!
 -> (artifact id: 'ac66b48516b064c48c98501ed68807ee') in 0.013322 seconds 
========================================================================
Received Import Request.
  Time since last request: 0.000016 seconds.
  path: Assets/EVP5/World/Terrain/OffroadTrack.asset
  artifactKey: Guid(4e57e3bcbfeb56e44b9b82144a39984d) Importer(2089858483,c653a7c40615fbf8c82c05b109e42dfe)
Start importing Assets/EVP5/World/Terrain/OffroadTrack.asset using Guid(4e57e3bcbfeb56e44b9b82144a39984d) Importer(2089858483,c653a7c40615fbf8c82c05b109e42dfe) Generated GUIDs only implemented for interfaces!
 -> (artifact id: 'e58db27bcce03b961bd04ff31e2653db') in 0.047783 seconds 
========================================================================
Received Import Request.
  Time since last request: 0.000019 seconds.
  path: Assets/EVP5/Vehicles/SportCoupe/Materials/sportcoupe-coupepaint D.mat
  artifactKey: Guid(ab5e458035d31ea4392a75c52851b463) Importer(2089858483,c653a7c40615fbf8c82c05b109e42dfe)
Start importing Assets/EVP5/Vehicles/SportCoupe/Materials/sportcoupe-coupepaint D.mat using Guid(ab5e458035d31ea4392a75c52851b463) Importer(2089858483,c653a7c40615fbf8c82c05b109e42dfe) Generated GUIDs only implemented for interfaces!
 -> (artifact id: 'c758caf35ec5b541ad685cc69f3089a4') in 0.011047 seconds 
========================================================================
Received Import Request.
  Time since last request: 0.000034 seconds.
  path: Assets/EVP5/Vehicles/veBus/GenVehicleTex.tga
  artifactKey: Guid(63bb42f430290da4b9befebd6cfafe06) Importer(2089858483,c653a7c40615fbf8c82c05b109e42dfe)
Start importing Assets/EVP5/Vehicles/veBus/GenVehicleTex.tga using Guid(63bb42f430290da4b9befebd6cfafe06) Importer(2089858483,c653a7c40615fbf8c82c05b109e42dfe) Generated GUIDs only implemented for interfaces!
 -> (artifact id: '331cf5dbcb5b439b2dc4c4a75713f888') in 0.036524 seconds 
========================================================================
Received Import Request.
  Time since last request: 0.000017 seconds.
  path: Assets/EVP5/Visual Effects/Tire particles/Tire Smoke.mat
  artifactKey: Guid(ddf38ea5fe32a0b4086ec71f2f7b91d8) Importer(2089858483,c653a7c40615fbf8c82c05b109e42dfe)
Start importing Assets/EVP5/Visual Effects/Tire particles/Tire Smoke.mat using Guid(ddf38ea5fe32a0b4086ec71f2f7b91d8) Importer(2089858483,c653a7c40615fbf8c82c05b109e42dfe) Generated GUIDs only implemented for interfaces!
 -> (artifact id: 'f5803ec9d6cd57bcf2ffdbb7b9ca32d8') in 0.014986 seconds 
========================================================================
Received Import Request.
  Time since last request: 0.000017 seconds.
  path: Assets/EVP5/Prefabs/The City.prefab
  artifactKey: Guid(0e18cad7a11c0e0499a23c6252c4b6d9) Importer(2089858483,c653a7c40615fbf8c82c05b109e42dfe)
Start importing Assets/EVP5/Prefabs/The City.prefab using Guid(0e18cad7a11c0e0499a23c6252c4b6d9) Importer(2089858483,c653a7c40615fbf8c82c05b109e42dfe) Generated GUIDs only implemented for interfaces!
 -> (artifact id: '3430ab1096c0a0f91b6b7e9d9a7ff095') in 0.255613 seconds 
========================================================================
Received Import Request.
  Time since last request: 0.000021 seconds.
  path: Assets/EVP5/Scenes/The City - Simple Scene - Drift.unity
  artifactKey: Guid(74089268d6b28124db26b0c870e06dc8) Importer(2089858483,c653a7c40615fbf8c82c05b109e42dfe)
Start importing Assets/EVP5/Scenes/The City - Simple Scene - Drift.unity using Guid(74089268d6b28124db26b0c870e06dc8) Importer(2089858483,c653a7c40615fbf8c82c05b109e42dfe) Opening scene 'Assets/EVP5/Scenes/The City - Simple Scene - Drift.unity additively'
LightingSettings: switching bake backend from 1 to 0.
Loaded scene 'Assets/EVP5/Scenes/The City - Simple Scene - Drift.unity'
	Deserialize:            0.894 ms
	Integration:            113.119 ms
	Integration of assets:  0.708 ms
	Thread Wait Time:       0.041 ms
	Total Operation Time:   114.762 ms
Generated GUIDs only implemented for interfaces!
 -> (artifact id: '59ce592167dbadb0f3dd1a78243cd119') in 0.589876 seconds 
========================================================================
Received Import Request.
  Time since last request: 0.000028 seconds.
  path: Assets/EVP5/Audio/truck engine.wav
  artifactKey: Guid(9de22d0557e5f6b4aaa705ad04097f0f) Importer(2089858483,c653a7c40615fbf8c82c05b109e42dfe)
Start importing Assets/EVP5/Audio/truck engine.wav using Guid(9de22d0557e5f6b4aaa705ad04097f0f) Importer(2089858483,c653a7c40615fbf8c82c05b109e42dfe) Generated GUIDs only implemented for interfaces!
 -> (artifact id: 'dffafab8759db70b252b769c407ac046') in 0.079680 seconds 
========================================================================
Received Import Request.
  Time since last request: 0.000025 seconds.
  path: Assets/EVP5/Scripts/Editor/VehicleStandardInputInspector.cs
  artifactKey: Guid(f2f85d96062af6343b3f8fa7999880ef) Importer(2089858483,c653a7c40615fbf8c82c05b109e42dfe)
Start importing Assets/EVP5/Scripts/Editor/VehicleStandardInputInspector.cs using Guid(f2f85d96062af6343b3f8fa7999880ef) Importer(2089858483,c653a7c40615fbf8c82c05b109e42dfe) Generated GUIDs only implemented for interfaces!
 -> (artifact id: 'a8717faf9c8a5c08f4b2dac4271958d0') in 0.011628 seconds 
========================================================================
Received Import Request.
  Time since last request: 0.000020 seconds.
  path: Assets/EVP5/World/Pixelactive City/tex/highway_road_plain.tif
  artifactKey: Guid(1b8ea8a5a66b24f04be95950cb373c08) Importer(2089858483,c653a7c40615fbf8c82c05b109e42dfe)
Start importing Assets/EVP5/World/Pixelactive City/tex/highway_road_plain.tif using Guid(1b8ea8a5a66b24f04be95950cb373c08) Importer(2089858483,c653a7c40615fbf8c82c05b109e42dfe) Generated GUIDs only implemented for interfaces!
 -> (artifact id: '3af96515a8599138de9d10bd37d145fc') in 0.018941 seconds 
========================================================================
Received Import Request.
  Time since last request: 0.000017 seconds.
  path: Assets/EVP5/Vehicles/SportCoupe/Materials/sportcoupe-trucktex-brakes-on.mat
  artifactKey: Guid(cf2165b8c0c410449aa0bc0d325c65eb) Importer(2089858483,c653a7c40615fbf8c82c05b109e42dfe)
Start importing Assets/EVP5/Vehicles/SportCoupe/Materials/sportcoupe-trucktex-brakes-on.mat using Guid(cf2165b8c0c410449aa0bc0d325c65eb) Importer(2089858483,c653a7c40615fbf8c82c05b109e42dfe) Generated GUIDs only implemented for interfaces!
 -> (artifact id: 'ae38915d4ac2cf8872778b8979e40058') in 0.027236 seconds 
========================================================================
Received Import Request.
  Time since last request: 0.000029 seconds.
  path: Assets/EVP5/Vehicles/SportCoupe/Materials/sportcoupe-coupepaint II.mat
  artifactKey: Guid(31d7845f285045a40a389382fb7feca6) Importer(2089858483,c653a7c40615fbf8c82c05b109e42dfe)
Start importing Assets/EVP5/Vehicles/SportCoupe/Materials/sportcoupe-coupepaint II.mat using Guid(31d7845f285045a40a389382fb7feca6) Importer(2089858483,c653a7c40615fbf8c82c05b109e42dfe) Generated GUIDs only implemented for interfaces!
 -> (artifact id: 'eeab698b6cadf87255900f90a777674c') in 0.014095 seconds 
========================================================================
Received Import Request.
  Time since last request: 0.000017 seconds.
  path: Assets/EVP5/Vehicles/Generic/Generic Vehicle Texure - brakes mask.png
  artifactKey: Guid(2320e825cd1682045972e89ee5cd5972) Importer(2089858483,c653a7c40615fbf8c82c05b109e42dfe)
Start importing Assets/EVP5/Vehicles/Generic/Generic Vehicle Texure - brakes mask.png using Guid(2320e825cd1682045972e89ee5cd5972) Importer(2089858483,c653a7c40615fbf8c82c05b109e42dfe) Generated GUIDs only implemented for interfaces!
 -> (artifact id: '7fd0d8ce2b593cdd437eb749e840b9c6') in 0.020467 seconds 
========================================================================
Received Import Request.
  Time since last request: 0.000023 seconds.
  path: Assets/EVP5/Prefabs/Sport Coupe II.prefab
  artifactKey: Guid(4281f5cc47c19e74584fbf935a7f56df) Importer(2089858483,c653a7c40615fbf8c82c05b109e42dfe)
Start importing Assets/EVP5/Prefabs/Sport Coupe II.prefab using Guid(4281f5cc47c19e74584fbf935a7f56df) Importer(2089858483,c653a7c40615fbf8c82c05b109e42dfe) Generated GUIDs only implemented for interfaces!
 -> (artifact id: '264629992755cd7e25fdc14833812956') in 0.096546 seconds 
========================================================================
Received Import Request.
  Time since last request: 0.000029 seconds.
  path: Assets/EVP5/Scripts/VehicleAudio.cs
  artifactKey: Guid(eaa8ccc8e0f947b43bb4379e0393bf88) Importer(2089858483,c653a7c40615fbf8c82c05b109e42dfe)
Start importing Assets/EVP5/Scripts/VehicleAudio.cs using Guid(eaa8ccc8e0f947b43bb4379e0393bf88) Importer(2089858483,c653a7c40615fbf8c82c05b109e42dfe) Generated GUIDs only implemented for interfaces!
 -> (artifact id: '51842e935be4378033d9da457e8f5b83') in 0.011482 seconds 
========================================================================
Received Import Request.
  Time since last request: 0.000017 seconds.
  path: Assets/EVP5/Vehicles/L200/Textures/truck_color-red-testwheels.png
  artifactKey: Guid(8d5d8fb91de63a140ba7ca68a9588fa3) Importer(2089858483,c653a7c40615fbf8c82c05b109e42dfe)
Start importing Assets/EVP5/Vehicles/L200/Textures/truck_color-red-testwheels.png using Guid(8d5d8fb91de63a140ba7ca68a9588fa3) Importer(2089858483,c653a7c40615fbf8c82c05b109e42dfe) Generated GUIDs only implemented for interfaces!
 -> (artifact id: '9437915a6608327c1548255a44175011') in 0.031447 seconds 
========================================================================
Received Import Request.
  Time since last request: 0.000019 seconds.
  path: Assets/EVP5/Audio/scrape loop 4.aiff
  artifactKey: Guid(94d85d5be472aaf44942443663c2ab26) Importer(2089858483,c653a7c40615fbf8c82c05b109e42dfe)
Start importing Assets/EVP5/Audio/scrape loop 4.aiff using Guid(94d85d5be472aaf44942443663c2ab26) Importer(2089858483,c653a7c40615fbf8c82c05b109e42dfe) Generated GUIDs only implemented for interfaces!
 -> (artifact id: '645b86944f12e81a569d8b96d0a34bbf') in 0.038337 seconds 
========================================================================
Received Import Request.
  Time since last request: 0.000025 seconds.
  path: Assets/EVP5/World/Pixelactive City/Materials/pixelactive_city_fbx-lambert41.mat
  artifactKey: Guid(e5b07b01115c5474597abc17778f0cfa) Importer(2089858483,c653a7c40615fbf8c82c05b109e42dfe)
Start importing Assets/EVP5/World/Pixelactive City/Materials/pixelactive_city_fbx-lambert41.mat using Guid(e5b07b01115c5474597abc17778f0cfa) Importer(2089858483,c653a7c40615fbf8c82c05b109e42dfe) Generated GUIDs only implemented for interfaces!
 -> (artifact id: 'e7408c59bb97c9b04cc38b97023e0ebb') in 0.019252 seconds 
========================================================================
Received Import Request.
  Time since last request: 0.000018 seconds.
  path: Assets/EVP5/World/Pixelactive City/Materials/pixelactive_city_fbx-lambert132.mat
  artifactKey: Guid(114a2aa4ac6f342b0aeb6d859b24aa00) Importer(2089858483,c653a7c40615fbf8c82c05b109e42dfe)
Start importing Assets/EVP5/World/Pixelactive City/Materials/pixelactive_city_fbx-lambert132.mat using Guid(114a2aa4ac6f342b0aeb6d859b24aa00) Importer(2089858483,c653a7c40615fbf8c82c05b109e42dfe) Generated GUIDs only implemented for interfaces!
 -> (artifact id: '6eed32cadcd68b3e0b3654e7420c9c50') in 0.020617 seconds 
========================================================================
Received Import Request.
  Time since last request: 0.000019 seconds.
  path: Assets/EVP5/Vehicles/SportCoupe/Materials/sportcoupe-coupepaint.mat
  artifactKey: Guid(6f932c4add1e0e5448d13758634b4ba3) Importer(2089858483,c653a7c40615fbf8c82c05b109e42dfe)
Start importing Assets/EVP5/Vehicles/SportCoupe/Materials/sportcoupe-coupepaint.mat using Guid(6f932c4add1e0e5448d13758634b4ba3) Importer(2089858483,c653a7c40615fbf8c82c05b109e42dfe) Generated GUIDs only implemented for interfaces!
 -> (artifact id: '9c0531a0bb60b76dd9dc785ca710242e') in 0.015293 seconds 
========================================================================
Received Import Request.
  Time since last request: 0.000016 seconds.
  path: Assets/EVP5/World/Pixelactive City/Materials/pixelactive_city_fbx-lambert133.mat
  artifactKey: Guid(6eec910253862410f93a837579a78605) Importer(2089858483,c653a7c40615fbf8c82c05b109e42dfe)
Start importing Assets/EVP5/World/Pixelactive City/Materials/pixelactive_city_fbx-lambert133.mat using Guid(6eec910253862410f93a837579a78605) Importer(2089858483,c653a7c40615fbf8c82c05b109e42dfe) Generated GUIDs only implemented for interfaces!
 -> (artifact id: '3008442338cc4f77d6bae93b4a11f4f2') in 0.016577 seconds 
========================================================================
Received Import Request.
  Time since last request: 0.000020 seconds.
  path: Assets/EVP5/Scripts/VehicleViewConfig.cs
  artifactKey: Guid(3701632bb9aec654bbac0ba63a2956a7) Importer(2089858483,c653a7c40615fbf8c82c05b109e42dfe)
Start importing Assets/EVP5/Scripts/VehicleViewConfig.cs using Guid(3701632bb9aec654bbac0ba63a2956a7) Importer(2089858483,c653a7c40615fbf8c82c05b109e42dfe) Generated GUIDs only implemented for interfaces!
 -> (artifact id: '6a5d69e17af51f90ea2b075574ad7054') in 0.012156 seconds 
Editor requested this worker to shutdown with reason: Scaling down because of idle timeout
AssetImportWorker is now disconnected from the server
Process exiting
Exiting without the bug reporter. Application will terminate with return code 0